<?xml version="1.0" encoding="UTF-8"?>
<!-- Generated by org.testng.reporters.JUnitReportReporter -->
<testsuite hostname="DESKTOP-4334PHR" name="com.rameshsoft.testone.TestOne" tests="1" failures="0" timestamp="31 Oct 2020 12:01:49 GMT" time="14.216" errors="0">
  <testcase name="demoOne" time="14.216" classname="com.rameshsoft.testone.TestOne"/>
</testsuite> <!-- com.rameshsoft.testone.TestOne -->
